Build started 2014/4/26 14:03:31.
     1>Project "D:\Works\code\projects\2D图形库\skia\trunk\third_party\freetype\builds\win32\vc2010\freetype.vcxproj" on node 2 (build target(s)).
     1>InitializeBuildStatus:
         Touching ".\..\..\..\objs\debug\freetype.unsuccessfulbuild".
       ClCompile:
         C:\Program Files (x86)\Microsoft Visual Studio 10.0\VC\bin\CL.exe /c /I..\..\..\include /Zi /nologo /W4 /WX- /MP /Od /Oy- /D _DEBUG /D WIN32 /D _LIB /D _CRT_SECURE_NO_WARNINGS /D FT_DEBUG_LEVEL_ERROR /D FT_DEBUG_LEVEL_TRACE /D FT2_BUILD_LIBRARY /D _PREFAST_ /D _MBCS /Gm- /EHsc /RTC1 /MTd /GS /fp:precise /Za /Zc:wchar_t /Zc:forScope /Fo".\..\..\..\objs\debug\\" /Fd".\..\..\..\objs\debug\vc100.pdb" /Gd /TC /wd4001 /analyze- /errorReport:prompt ..\..\..\src\autofit\autofit.c ..\..\..\src\bdf\bdf.c ..\..\..\src\cff\cff.c ..\..\..\src\base\ftbase.c ..\..\..\src\base\ftbitmap.c ..\..\..\src\cache\ftcache.c ..\..\..\src\base\ftfstype.c ..\..\..\src\base\ftgasp.c ..\..\..\src\base\ftglyph.c ..\..\..\src\gzip\ftgzip.c ..\..\..\src\base\ftinit.c ..\..\..\src\lzw\ftlzw.c ..\..\..\src\base\ftstroke.c ..\..\..\src\base\ftsystem.c ..\..\..\src\smooth\smooth.c ..\..\..\src\base\ftbbox.c ..\..\..\src\base\ftmm.c ..\..\..\src\base\ftpfr.c ..\..\..\src\base\ftsynth.c ..\..\..\src\base\fttype1.c ..\..\..\src\base\ftwinfnt.c ..\..\..\src\base\ftxf86.c ..\..\..\src\base\ftlcdfil.c ..\..\..\src\base\ftgxval.c ..\..\..\src\base\ftotval.c ..\..\..\src\base\ftpatent.c ..\..\..\src\pcf\pcf.c ..\..\..\src\pfr\pfr.c ..\..\..\src\psaux\psaux.c ..\..\..\src\pshinter\pshinter.c ..\..\..\src\psnames\psmodule.c ..\..\..\src\raster\raster.c ..\..\..\src\sfnt\sfnt.c ..\..\..\src\truetype\truetype.c ..\..\..\src\type1\type1.c ..\..\..\src\cid\type1cid.c ..\..\..\src\type42\type42.c ..\..\..\src\winfonts\winfnt.c ..\..\ftdebug.c
         autofit.c
         bdf.c
         cff.c
         ftbase.c
     1>d:\works\code\projects\2d图形库\skia\trunk\third_party\freetype\src\autofit\afcjk.c(1940): warning C4819: The file contains a character that cannot be represented in the current code page (936). Save the file in Unicode format to prevent data loss
         ftbitmap.c
         ftcache.c
         ftfstype.c
         ftgasp.c
         ftglyph.c
         ftgzip.c
         ftinit.c
         ftlzw.c
         ftstroke.c
         ftsystem.c
         smooth.c
         ftbbox.c
         ftmm.c
         ftpfr.c
         ftsynth.c
         fttype1.c
         ftwinfnt.c
         ftxf86.c
         ftlcdfil.c
         ftgxval.c
         ftotval.c
     1>..\..\..\src\base\ftlcdfil.c(81): warning C4146: unary minus operator applied to unsigned type, result still unsigned
     1>..\..\..\src\base\ftlcdfil.c(90): warning C4146: unary minus operator applied to unsigned type, result still unsigned
     1>..\..\..\src\base\ftlcdfil.c(94): warning C4146: unary minus operator applied to unsigned type, result still unsigned
     1>..\..\..\src\base\ftlcdfil.c(142): warning C4146: unary minus operator applied to unsigned type, result still unsigned
     1>..\..\..\src\base\ftlcdfil.c(152): warning C4146: unary minus operator applied to unsigned type, result still unsigned
     1>..\..\..\src\base\ftlcdfil.c(156): warning C4146: unary minus operator applied to unsigned type, result still unsigned
         ftpatent.c
         pcf.c
         pfr.c
         psaux.c
         pshinter.c
         psmodule.c
         raster.c
         sfnt.c
         truetype.c
         type1.c
         type1cid.c
         type42.c
         winfnt.c
         ftdebug.c
     1>c:\program files (x86)\microsoft sdks\windows\v7.0a\include\sal_supp.h(25): error C2059: syntax error : 'string'
     1>c:\program files (x86)\microsoft sdks\windows\v7.0a\include\sal_supp.h(28): error C2059: syntax error : 'string'
     1>c:\program files (x86)\microsoft sdks\windows\v7.0a\include\sal_supp.h(28): error C2059: syntax error : 'string'
     1>c:\program files (x86)\microsoft sdks\windows\v7.0a\include\sal_supp.h(28): error C2059: syntax error : 'string'
     1>c:\program files (x86)\microsoft sdks\windows\v7.0a\include\sal_supp.h(29): error C2059: syntax error : 'string'
     1>c:\program files (x86)\microsoft sdks\windows\v7.0a\include\sal_supp.h(33): error C2059: syntax error : 'string'
     1>c:\program files (x86)\microsoft sdks\windows\v7.0a\include\sal_supp.h(33): error C2059: syntax error : 'string'
     1>c:\program files (x86)\microsoft sdks\windows\v7.0a\include\sal_supp.h(40): error C2059: syntax error : 'string'
     1>c:\program files (x86)\microsoft sdks\windows\v7.0a\include\sal_supp.h(40): error C2059: syntax error : 'string'
     1>c:\program files (x86)\microsoft sdks\windows\v7.0a\include\sal_supp.h(40): error C2059: syntax error : 'string'
     1>c:\program files (x86)\microsoft sdks\windows\v7.0a\include\sal_supp.h(40): error C2059: syntax error : 'string'
     1>c:\program files (x86)\microsoft sdks\windows\v7.0a\include\sal_supp.h(40): error C2059: syntax error : 'string'
     1>c:\program files (x86)\microsoft sdks\windows\v7.0a\include\sal_supp.h(40): error C2059: syntax error : 'string'
     1>c:\program files (x86)\microsoft sdks\windows\v7.0a\include\sal_supp.h(47): error C2059: syntax error : 'string'
     1>c:\program files (x86)\microsoft sdks\windows\v7.0a\include\sal_supp.h(47): error C2018: unknown character '0x24'
     1>c:\program files (x86)\microsoft sdks\windows\v7.0a\include\sal_supp.h(47): error C2059: syntax error : 'string'
     1>c:\program files (x86)\microsoft sdks\windows\v7.0a\include\sal_supp.h(47): error C2059: syntax error : 'string'
     1>c:\program files (x86)\microsoft sdks\windows\v7.0a\include\sal_supp.h(47): error C2059: syntax error : 'string'
     1>c:\program files (x86)\microsoft sdks\windows\v7.0a\include\sal_supp.h(47): error C2059: syntax error : 'string'
     1>c:\program files (x86)\microsoft sdks\windows\v7.0a\include\sal_supp.h(47): error C2059: syntax error : 'string'
     1>c:\program files (x86)\microsoft sdks\windows\v7.0a\include\sal_supp.h(48): error C2059: syntax error : 'string'
     1>c:\program files (x86)\microsoft sdks\windows\v7.0a\include\sal_supp.h(48): error C2018: unknown character '0x24'
     1>c:\program files (x86)\microsoft sdks\windows\v7.0a\include\sal_supp.h(48): error C2059: syntax error : 'string'
     1>c:\program files (x86)\microsoft sdks\windows\v7.0a\include\sal_supp.h(48): error C2059: syntax error : 'string'
     1>c:\program files (x86)\microsoft sdks\windows\v7.0a\include\sal_supp.h(48): error C2059: syntax error : 'string'
     1>c:\program files (x86)\microsoft sdks\windows\v7.0a\include\sal_supp.h(48): error C2059: syntax error : 'string'
     1>c:\program files (x86)\microsoft sdks\windows\v7.0a\include\sal_supp.h(48): error C2059: syntax error : 'string'
     1>c:\program files (x86)\microsoft sdks\windows\v7.0a\include\sal_supp.h(49): error C2059: syntax error : 'string'
     1>c:\program files (x86)\microsoft sdks\windows\v7.0a\include\sal_supp.h(49): error C2018: unknown character '0x24'
     1>c:\program files (x86)\microsoft sdks\windows\v7.0a\include\sal_supp.h(49): error C2059: syntax error : 'string'
     1>c:\program files (x86)\microsoft sdks\windows\v7.0a\include\sal_supp.h(49): error C2059: syntax error : 'string'
     1>c:\program files (x86)\microsoft sdks\windows\v7.0a\include\sal_supp.h(49): error C2059: syntax error : 'string'
     1>c:\program files (x86)\microsoft sdks\windows\v7.0a\include\sal_supp.h(49): error C2059: syntax error : 'string'
     1>c:\program files (x86)\microsoft sdks\windows\v7.0a\include\sal_supp.h(49): error C2059: syntax error : 'string'
     1>c:\program files (x86)\microsoft sdks\windows\v7.0a\include\sal_supp.h(49): error C2059: syntax error : 'string'
     1>c:\program files (x86)\microsoft sdks\windows\v7.0a\include\sal_supp.h(49): error C2059: syntax error : 'string'
     1>c:\program files (x86)\microsoft sdks\windows\v7.0a\include\sal_supp.h(49): error C2059: syntax error : 'string'
     1>c:\program files (x86)\microsoft sdks\windows\v7.0a\include\sal_supp.h(49): error C2059: syntax error : 'string'
     1>c:\program files (x86)\microsoft sdks\windows\v7.0a\include\sal_supp.h(49): error C2059: syntax error : 'string'
     1>c:\program files (x86)\microsoft sdks\windows\v7.0a\include\specstrings_supp.h(17): error C2059: syntax error : 'string'
     1>c:\program files (x86)\microsoft sdks\windows\v7.0a\include\specstrings_supp.h(18): error C2059: syntax error : 'string'
     1>c:\program files (x86)\microsoft sdks\windows\v7.0a\include\specstrings_supp.h(19): error C2059: syntax error : 'string'
     1>c:\program files (x86)\microsoft sdks\windows\v7.0a\include\specstrings_supp.h(20): error C2059: syntax error : 'string'
     1>c:\program files (x86)\microsoft sdks\windows\v7.0a\include\specstrings_supp.h(20): error C2059: syntax error : 'string'
     1>c:\program files (x86)\microsoft sdks\windows\v7.0a\include\specstrings_supp.h(20): error C2059: syntax error : 'string'
     1>c:\program files (x86)\microsoft sdks\windows\v7.0a\include\specstrings_supp.h(20): error C2059: syntax error : 'string'
     1>c:\program files (x86)\microsoft sdks\windows\v7.0a\include\specstrings_supp.h(20): error C2059: syntax error : 'string'
     1>c:\program files (x86)\microsoft sdks\windows\v7.0a\include\specstrings_supp.h(20): error C2059: syntax error : 'string'
     1>c:\program files (x86)\microsoft sdks\windows\v7.0a\include\specstrings_supp.h(20): error C2059: syntax error : 'string'
     1>c:\program files (x86)\microsoft sdks\windows\v7.0a\include\specstrings_supp.h(20): error C2059: syntax error : 'string'
     1>c:\program files (x86)\microsoft sdks\windows\v7.0a\include\specstrings_supp.h(20): error C2059: syntax error : 'string'
     1>c:\program files (x86)\microsoft sdks\windows\v7.0a\include\specstrings_supp.h(20): error C2059: syntax error : 'string'
     1>c:\program files (x86)\microsoft sdks\windows\v7.0a\include\specstrings_supp.h(20): error C2059: syntax error : 'string'
     1>c:\program files (x86)\microsoft sdks\windows\v7.0a\include\specstrings_supp.h(20): error C2059: syntax error : 'string'
     1>c:\program files (x86)\microsoft sdks\windows\v7.0a\include\specstrings_supp.h(21): error C2059: syntax error : 'string'
     1>c:\program files (x86)\microsoft sdks\windows\v7.0a\include\specstrings_supp.h(21): error C2059: syntax error : 'string'
     1>c:\program files (x86)\microsoft sdks\windows\v7.0a\include\specstrings_supp.h(21): error C2059: syntax error : 'string'
     1>c:\program files (x86)\microsoft sdks\windows\v7.0a\include\specstrings_supp.h(21): error C2059: syntax error : 'string'
     1>c:\program files (x86)\microsoft sdks\windows\v7.0a\include\specstrings_supp.h(21): error C2059: syntax error : 'string'
     1>c:\program files (x86)\microsoft sdks\windows\v7.0a\include\specstrings_supp.h(21): error C2059: syntax error : 'string'
     1>c:\program files (x86)\microsoft sdks\windows\v7.0a\include\specstrings_supp.h(22): error C2059: syntax error : 'string'
     1>c:\program files (x86)\microsoft sdks\windows\v7.0a\include\specstrings_supp.h(22): error C2059: syntax error : 'string'
     1>c:\program files (x86)\microsoft sdks\windows\v7.0a\include\specstrings_supp.h(23): error C2059: syntax error : 'string'
     1>c:\program files (x86)\microsoft sdks\windows\v7.0a\include\specstrings_supp.h(23): error C2059: syntax error : 'string'
     1>c:\program files (x86)\microsoft sdks\windows\v7.0a\include\specstrings_supp.h(24): error C2059: syntax error : 'string'
     1>c:\program files (x86)\microsoft sdks\windows\v7.0a\include\specstrings_supp.h(24): error C2059: syntax error : 'string'
     1>c:\program files (x86)\microsoft sdks\windows\v7.0a\include\specstrings_supp.h(25): error C2059: syntax error : 'string'
     1>c:\program files (x86)\microsoft sdks\windows\v7.0a\include\specstrings_supp.h(25): error C2059: syntax error : 'string'
     1>c:\program files (x86)\microsoft sdks\windows\v7.0a\include\specstrings_supp.h(26): error C2059: syntax error : 'string'
     1>c:\program files (x86)\microsoft sdks\windows\v7.0a\include\specstrings_supp.h(26): error C2059: syntax error : 'string'
     1>c:\program files (x86)\microsoft sdks\windows\v7.0a\include\specstrings_supp.h(27): error C2059: syntax error : 'string'
     1>c:\program files (x86)\microsoft sdks\windows\v7.0a\include\specstrings_supp.h(28): error C2059: syntax error : 'string'
     1>c:\program files (x86)\microsoft sdks\windows\v7.0a\include\specstrings_supp.h(28): error C2059: syntax error : 'string'
     1>c:\program files (x86)\microsoft sdks\windows\v7.0a\include\specstrings_supp.h(28): error C2059: syntax error : 'string'
     1>c:\program files (x86)\microsoft sdks\windows\v7.0a\include\specstrings_supp.h(28): error C2059: syntax error : 'string'
     1>c:\program files (x86)\microsoft sdks\windows\v7.0a\include\specstrings_supp.h(28): error C2059: syntax error : 'string'
     1>c:\program files (x86)\microsoft sdks\windows\v7.0a\include\specstrings_supp.h(28): error C2059: syntax error : 'string'
     1>c:\program files (x86)\microsoft sdks\windows\v7.0a\include\specstrings_supp.h(28): error C2059: syntax error : 'string'
     1>c:\program files (x86)\microsoft sdks\windows\v7.0a\include\specstrings_supp.h(28): error C2059: syntax error : 'string'
     1>c:\program files (x86)\microsoft sdks\windows\v7.0a\include\specstrings_supp.h(28): error C2059: syntax error : 'string'
     1>c:\program files (x86)\microsoft sdks\windows\v7.0a\include\specstrings_supp.h(28): error C2059: syntax error : 'string'
     1>c:\program files (x86)\microsoft sdks\windows\v7.0a\include\specstrings_supp.h(28): error C2059: syntax error : 'string'
     1>c:\program files (x86)\microsoft sdks\windows\v7.0a\include\specstrings_supp.h(28): error C2059: syntax error : 'string'
     1>c:\program files (x86)\microsoft sdks\windows\v7.0a\include\specstrings_supp.h(28): error C2059: syntax error : 'string'
     1>c:\program files (x86)\microsoft sdks\windows\v7.0a\include\specstrings_supp.h(29): error C2059: syntax error : 'string'
     1>c:\program files (x86)\microsoft sdks\windows\v7.0a\include\specstrings_supp.h(29): error C2059: syntax error : 'string'
     1>c:\program files (x86)\microsoft sdks\windows\v7.0a\include\specstrings_supp.h(29): error C2059: syntax error : 'string'
     1>c:\program files (x86)\microsoft sdks\windows\v7.0a\include\specstrings_supp.h(29): error C2059: syntax error : 'string'
     1>c:\program files (x86)\microsoft sdks\windows\v7.0a\include\specstrings_supp.h(29): error C2059: syntax error : 'string'
     1>c:\program files (x86)\microsoft sdks\windows\v7.0a\include\specstrings_supp.h(29): error C2059: syntax error : 'string'
     1>c:\program files (x86)\microsoft sdks\windows\v7.0a\include\specstrings_supp.h(29): error C2059: syntax error : 'string'
     1>c:\program files (x86)\microsoft sdks\windows\v7.0a\include\specstrings_supp.h(29): error C2059: syntax error : 'string'
     1>c:\program files (x86)\microsoft sdks\windows\v7.0a\include\specstrings_supp.h(29): error C2059: syntax error : 'string'
     1>c:\program files (x86)\microsoft sdks\windows\v7.0a\include\specstrings_supp.h(29): error C2059: syntax error : 'string'
     1>c:\program files (x86)\microsoft sdks\windows\v7.0a\include\specstrings_supp.h(29): error C2059: syntax error : 'string'
     1>c:\program files (x86)\microsoft sdks\windows\v7.0a\include\specstrings_supp.h(29): error C2059: syntax error : 'string'
     1>c:\program files (x86)\microsoft sdks\windows\v7.0a\include\specstrings_supp.h(29): error C2059: syntax error : 'string'
     1>c:\program files (x86)\microsoft sdks\windows\v7.0a\include\specstrings_supp.h(30): error C2059: syntax error : 'string'
     1>c:\program files (x86)\microsoft sdks\windows\v7.0a\include\specstrings_supp.h(30): error C2059: syntax error : 'string'
     1>c:\program files (x86)\microsoft sdks\windows\v7.0a\include\specstrings_supp.h(30): error C2059: syntax error : 'string'
     1>c:\program files (x86)\microsoft sdks\windows\v7.0a\include\specstrings_supp.h(30): error C2059: syntax error : 'string'
     1>c:\program files (x86)\microsoft sdks\windows\v7.0a\include\specstrings_supp.h(30): fatal error C1003: error count exceeds 100; stopping compilation
     1>Done Building Project "D:\Works\code\projects\2D图形库\skia\trunk\third_party\freetype\builds\win32\vc2010\freetype.vcxproj" (build target(s)) -- FAILED.

Build FAILED.

Time Elapsed 00:00:02.54
